<?xml version="1.0" encoding="UTF-8"?>
<!-- Generated by org.testng.reporters.JUnitReportReporter -->
<testsuite hostname="LTIN593164" failures="0" tests="3" name="StepDefinitions.GoogleLogin" time="7.070" errors="0" timestamp="2025-04-21T18:06:42 IST" skipped="0">
  <testcase classname="StepDefinitions.GoogleLogin" name="InvalidEmail" time="4.151"/>
  <system-out/>
  <testcase classname="StepDefinitions.GoogleLogin" name="NonExistingEmail" time="1.571"/>
  <system-out/>
  <testcase classname="StepDefinitions.GoogleLogin" name="testBrowserInsecureError" time="1.348"/>
  <system-out/>
</testsuite> <!-- StepDefinitions.GoogleLogin -->
