<?xml version="1.0" encoding="UTF-8"?>
<!-- Generated by org.testng.reporters.JUnitReportReporter -->
<testsuite hostname="LTIN593164" failures="0" tests="3" name="StepDefinitions.UsedCars" time="8.612" errors="0" timestamp="2025-04-22T08:57:51 IST" skipped="0">
  <testcase classname="StepDefinitions.UsedCars" name="navigateToUsedCars" time="7.799"/>
  <system-out/>
  <testcase classname="StepDefinitions.UsedCars" name="selectCityChennai" time="0.314"/>
  <system-out/>
  <testcase classname="StepDefinitions.UsedCars" name="verifyPopularModels" time="0.499"/>
  <system-out/>
</testsuite> <!-- StepDefinitions.UsedCars -->
